TN:
SF:contracts/SwedishVotingContract.sol
DA:87,57
FN:87,SwedishVotingContract.constructor
FNDA:57,SwedishVotingContract.constructor
DA:88,57
BRDA:88,0,0,1
DA:90,56
DA:91,56
DA:92,56
DA:93,56
DA:95,56
DA:99,42599
FN:99,SwedishVotingContract.onlyAdmin
FNDA:42599,SwedishVotingContract.onlyAdmin
DA:100,42599
BRDA:100,1,0,38605
DA:104,43014
FN:104,SwedishVotingContract.onlyMember
FNDA:43014,SwedishVotingContract.onlyMember
DA:105,43014
BRDA:105,2,0,39483
DA:109,259
FN:109,SwedishVotingContract.sessionExists
FNDA:259,SwedishVotingContract.sessionExists
DA:110,259
BRDA:110,3,0,-
DA:114,3531
FN:114,SwedishVotingContract.sessionActive
FNDA:3531,SwedishVotingContract.sessionActive
DA:115,3531
DA:116,3531
BRDA:116,4,0,3528
DA:117,0
BRDA:117,5,0,-
DA:118,0
BRDA:118,6,0,-
DA:119,3
BRDA:119,7,0,-
DA:123,524
FN:123,SwedishVotingContract.validVoteValue
FNDA:524,SwedishVotingContract.validVoteValue
DA:124,524
BRDA:124,8,0,257
DA:134,43579
FN:134,SwedishVotingContract.createVotingSession
FNDA:43579,SwedishVotingContract.createVotingSession
DA:140,4934
BRDA:140,9,0,3860
DA:141,3860
DA:143,1074
BRDA:143,10,0,275
DA:144,275
DA:148,799
DA:149,799
DA:151,799
DA:155,799
DA:156,799
BRDA:156,11,0,-
DA:157,799
DA:160,799
DA:161,799
DA:162,799
DA:163,799
DA:164,799
DA:167,799
DA:168,2397
DA:175,799
DA:186,42411
FN:186,SwedishVotingContract.pauseSession
FNDA:42411,SwedishVotingContract.pauseSession
DA:187,4
DA:188,0
BRDA:188,12,0,-
DA:189,1
BRDA:189,13,0,1
DA:191,3
DA:193,3
DA:199,42599
FN:199,SwedishVotingContract.finalizeSession
FNDA:42599,SwedishVotingContract.finalizeSession
DA:203,4
DA:204,0
BRDA:204,14,0,-
DA:205,4
BRDA:205,15,0,1
DA:207,3
DA:208,3
DA:210,3
DA:215,42587
FN:215,SwedishVotingContract.addMembers
FNDA:42587,SwedishVotingContract.addMembers
DA:216,3990
BRDA:216,16,0,10
DA:218,3980
DA:219,462295
BRDA:219,17,0,451
DA:220,461844
DA:223,3529
DA:231,43330
FN:231,SwedishVotingContract.castVote
FNDA:43330,SwedishVotingContract.castVote
DA:236,267
DA:239,267
BRDA:239,18,0,1
DA:240,266
BRDA:240,19,0,-
DA:243,1
BRDA:243,20,0,1
DA:246,265
DA:249,265
DA:250,265
BRDA:250,21,0,-
DA:251,265
DA:255,265
DA:256,265
DA:263,43014
FN:263,SwedishVotingContract.batchVote
FNDA:43014,SwedishVotingContract.batchVote
DA:268,3
BRDA:268,22,0,1
DA:269,1
DA:273,2
BRDA:273,23,0,1
DA:275,1
DA:277,1
DA:278,2
DA:279,2
DA:282,2
BRDA:282,24,0,-
DA:285,2
BRDA:285,25,0,-
DA:286,2
BRDA:286,26,0,-
DA:289,0
BRDA:289,27,0,-
DA:292,2
DA:295,2
DA:296,2
BRDA:296,28,0,-
DA:297,2
DA:301,2
DA:302,2
DA:310,5
FN:310,SwedishVotingContract.getSessionInfo
FNDA:5,SwedishVotingContract.getSessionInfo
DA:311,5
DA:312,5
BRDA:312,29,0,1
DA:314,4
DA:329,8
FN:329,SwedishVotingContract.getVoteCounts
FNDA:8,SwedishVotingContract.getVoteCounts
DA:333,8
DA:336,8
BRDA:336,30,0,-
DA:337,8
BRDA:337,31,0,-
DA:340,8
BRDA:340,32,0,2
DA:341,2
DA:344,6
DA:354,6
FN:354,SwedishVotingContract.isMember
FNDA:6,SwedishVotingContract.isMember
DA:355,6
DA:360,2
FN:360,SwedishVotingContract.getSessionCount
FNDA:2,SwedishVotingContract.getSessionCount
DA:361,2
DA:369,259
FN:369,SwedishVotingContract.hasVoted
FNDA:259,SwedishVotingContract.hasVoted
DA:374,259
FNF:17
FNH:17
LF:105
LH:100
BRF:33
BRH:17
end_of_record
TN:
SF:script/Counter.s.sol
DA:10,0
FN:10,CounterScript.setUp
FNDA:0,CounterScript.setUp
DA:12,0
FN:12,CounterScript.run
FNDA:0,CounterScript.run
DA:13,0
DA:15,0
DA:17,0
FNF:2
FNH:0
LF:5
LH:0
BRF:0
BRH:0
end_of_record
TN:
SF:src/Counter.sol
DA:7,258
FN:7,Counter.setNumber
FNDA:258,Counter.setNumber
DA:8,258
DA:11,1
FN:11,Counter.increment
FNDA:1,Counter.increment
DA:12,1
FNF:2
FNH:2
LF:4
LH:4
BRF:0
BRH:0
end_of_record
